build/app/intermediates/manifest_merge_blame_file/release/manifest-merger-blame-release-report.txt
1<?xml version="1.0" encoding="utf-8"?>
2<manifest xmlns:android="http://schemas.android.com/apk/res/android"
3    package="com.example.tayma_app"
4    android:versionCode="4001"
5    android:versionName="0.1.3" >
6
7    <uses-sdk
8        android:minSdkVersion="21"
8-->src/main/AndroidManifest.xml
9        android:targetSdkVersion="33" />
9-->src/main/AndroidManifest.xml
10
11    <uses-permission android:name="android.permission.ACCESS_FINE_LOCATION" />
11-->src/main/AndroidManifest.xml:2:5-79
11-->src/main/AndroidManifest.xml:2:22-76
12    <uses-permission android:name="android.permission.ACCESS_COARSE_LOCATION" />
12-->src/main/AndroidManifest.xml:3:5-81
12-->src/main/AndroidManifest.xml:3:22-78
13    <uses-permission android:name="android.permission.INTERNET" />
13-->src/main/AndroidManifest.xml:4:5-67
13-->src/main/AndroidManifest.xml:4:22-64
14    <uses-permission android:name="android.permission.VIBRATE" />
14-->src/main/AndroidManifest.xml:5:5-65
14-->src/main/AndroidManifest.xml:5:22-63
15    <uses-permission android:name="android.permission.RECEIVE_BOOT_COMPLETED" />
15-->src/main/AndroidManifest.xml:6:5-80
15-->src/main/AndroidManifest.xml:6:22-78
16    <uses-permission android:name="android.permission.ACCESS_NOTIFICATION_POLICY" />
16-->src/main/AndroidManifest.xml:7:5-84
16-->src/main/AndroidManifest.xml:7:22-82
17    <uses-permission android:name="android.permission.POST_NOTIFICATIONS" />
17-->[:awesome_notifications] AndroidManifest.xml:9:5-77
17-->[:awesome_notifications] AndroidManifest.xml:9:22-74
18    <uses-permission android:name="android.permission.BROADCAST_CLOSE_SYSTEM_DIALOGS" />
18-->[:awesome_notifications] AndroidManifest.xml:10:5-89
18-->[:awesome_notifications] AndroidManifest.xml:10:22-86
19    <uses-permission
19-->[me.carda:AndroidAwnCore:0.9.3] AndroidManifest.xml:10:5-12:38
20        android:name="android.permission.BIND_NOTIFICATION_LISTENER_SERVICE"
20-->[me.carda:AndroidAwnCore:0.9.3] AndroidManifest.xml:11:9-77
21        android:maxSdkVersion="22" />
21-->[me.carda:AndroidAwnCore:0.9.3] AndroidManifest.xml:12:9-35
22
23    <permission
23-->[androidx.core:core:1.10.1] AndroidManifest.xml:22:5-24:47
24        android:name="com.example.tayma_app.DYNAMIC_RECEIVER_NOT_EXPORTED_PERMISSION"
24-->[androidx.core:core:1.10.1] AndroidManifest.xml:23:9-81
25        android:protectionLevel="signature" />
25-->[androidx.core:core:1.10.1] AndroidManifest.xml:24:9-44
26
27    <uses-permission android:name="com.example.tayma_app.DYNAMIC_RECEIVER_NOT_EXPORTED_PERMISSION" /> <!-- for android -->
27-->[androidx.core:core:1.10.1] AndroidManifest.xml:26:5-97
27-->[androidx.core:core:1.10.1] AndroidManifest.xml:26:22-94
28    <!-- <uses-permission android:name="com.android.launcher.permission.READ_SETTINGS"/> -->
29    <!-- <uses-permission android:name="com.android.launcher.permission.WRITE_SETTINGS"/> -->
30    <!-- <uses-permission android:name="com.android.launcher.permission.INSTALL_SHORTCUT" /> -->
31    <!-- <uses-permission android:name="com.android.launcher.permission.UNINSTALL_SHORTCUT" /> -->
32    <!-- for Samsung -->
33    <uses-permission android:name="com.sec.android.provider.badge.permission.READ" />
33-->[me.leolin:ShortcutBadger:1.1.22] AndroidManifest.xml:19:5-86
33-->[me.leolin:ShortcutBadger:1.1.22] AndroidManifest.xml:19:22-83
34    <uses-permission android:name="com.sec.android.provider.badge.permission.WRITE" /> <!-- for htc -->
34-->[me.leolin:ShortcutBadger:1.1.22] AndroidManifest.xml:20:5-87
34-->[me.leolin:ShortcutBadger:1.1.22] AndroidManifest.xml:20:22-84
35    <uses-permission android:name="com.htc.launcher.permission.READ_SETTINGS" />
35-->[me.leolin:ShortcutBadger:1.1.22] AndroidManifest.xml:23:5-81
35-->[me.leolin:ShortcutBadger:1.1.22] AndroidManifest.xml:23:22-78
36    <uses-permission android:name="com.htc.launcher.permission.UPDATE_SHORTCUT" /> <!-- for sony -->
36-->[me.leolin:ShortcutBadger:1.1.22] AndroidManifest.xml:24:5-83
36-->[me.leolin:ShortcutBadger:1.1.22] AndroidManifest.xml:24:22-80
37    <uses-permission android:name="com.sonyericsson.home.permission.BROADCAST_BADGE" />
37-->[me.leolin:ShortcutBadger:1.1.22] AndroidManifest.xml:27:5-88
37-->[me.leolin:ShortcutBadger:1.1.22] AndroidManifest.xml:27:22-85
38    <uses-permission android:name="com.sonymobile.home.permission.PROVIDER_INSERT_BADGE" /> <!-- for apex -->
38-->[me.leolin:ShortcutBadger:1.1.22] AndroidManifest.xml:28:5-92
38-->[me.leolin:ShortcutBadger:1.1.22] AndroidManifest.xml:28:22-89
39    <uses-permission android:name="com.anddoes.launcher.permission.UPDATE_COUNT" /> <!-- for solid -->
39-->[me.leolin:ShortcutBadger:1.1.22] AndroidManifest.xml:31:5-84
39-->[me.leolin:ShortcutBadger:1.1.22] AndroidManifest.xml:31:22-81
40    <uses-permission android:name="com.majeur.launcher.permission.UPDATE_BADGE" /> <!-- for huawei -->
40-->[me.leolin:ShortcutBadger:1.1.22] AndroidManifest.xml:34:5-83
40-->[me.leolin:ShortcutBadger:1.1.22] AndroidManifest.xml:34:22-80
41    <uses-permission android:name="com.huawei.android.launcher.permission.CHANGE_BADGE" />
41-->[me.leolin:ShortcutBadger:1.1.22] AndroidManifest.xml:37:5-91
41-->[me.leolin:ShortcutBadger:1.1.22] AndroidManifest.xml:37:22-88
42    <uses-permission android:name="com.huawei.android.launcher.permission.READ_SETTINGS" />
42-->[me.leolin:ShortcutBadger:1.1.22] AndroidManifest.xml:38:5-92
42-->[me.leolin:ShortcutBadger:1.1.22] AndroidManifest.xml:38:22-89
43    <uses-permission android:name="com.huawei.android.launcher.permission.WRITE_SETTINGS" /> <!-- for ZUK -->
43-->[me.leolin:ShortcutBadger:1.1.22] AndroidManifest.xml:39:5-93
43-->[me.leolin:ShortcutBadger:1.1.22] AndroidManifest.xml:39:22-90
44    <uses-permission android:name="android.permission.READ_APP_BADGE" /> <!-- for OPPO -->
44-->[me.leolin:ShortcutBadger:1.1.22] AndroidManifest.xml:42:5-73
44-->[me.leolin:ShortcutBadger:1.1.22] AndroidManifest.xml:42:22-70
45    <uses-permission android:name="com.oppo.launcher.permission.READ_SETTINGS" />
45-->[me.leolin:ShortcutBadger:1.1.22] AndroidManifest.xml:45:5-82
45-->[me.leolin:ShortcutBadger:1.1.22] AndroidManifest.xml:45:22-79
46    <uses-permission android:name="com.oppo.launcher.permission.WRITE_SETTINGS" /> <!-- for EvMe -->
46-->[me.leolin:ShortcutBadger:1.1.22] AndroidManifest.xml:46:5-83
46-->[me.leolin:ShortcutBadger:1.1.22] AndroidManifest.xml:46:22-80
47    <uses-permission android:name="me.everything.badger.permission.BADGE_COUNT_READ" />
47-->[me.leolin:ShortcutBadger:1.1.22] AndroidManifest.xml:49:5-88
47-->[me.leolin:ShortcutBadger:1.1.22] AndroidManifest.xml:49:22-85
48    <uses-permission android:name="me.everything.badger.permission.BADGE_COUNT_WRITE" />
48-->[me.leolin:ShortcutBadger:1.1.22] AndroidManifest.xml:50:5-89
48-->[me.leolin:ShortcutBadger:1.1.22] AndroidManifest.xml:50:22-86
49
50    <application
51        android:name="android.app.Application"
51-->src/main/AndroidManifest.xml:10:9-42
52        android:appComponentFactory="androidx.core.app.CoreComponentFactory"
52-->[androidx.core:core:1.10.1] AndroidManifest.xml:28:18-86
53        android:icon="@mipmap/ic_launcher"
53-->src/main/AndroidManifest.xml:11:9-43
54        android:label="TAYMA" >
54-->src/main/AndroidManifest.xml:9:9-30
55        <activity
55-->src/main/AndroidManifest.xml:12:9-32:20
56            android:name="com.example.tayma_app.MainActivity"
56-->src/main/AndroidManifest.xml:13:13-41
57            android:configChanges="orientation|keyboardHidden|keyboard|screenSize|smallestScreenSize|locale|layoutDirection|fontScale|screenLayout|density|uiMode"
57-->src/main/AndroidManifest.xml:17:13-163
58            android:exported="true"
58-->src/main/AndroidManifest.xml:14:13-36
59            android:hardwareAccelerated="true"
59-->src/main/AndroidManifest.xml:18:13-47
60            android:launchMode="singleTop"
60-->src/main/AndroidManifest.xml:15:13-43
61            android:theme="@android:style/Theme.NoTitleBar"
61-->src/main/AndroidManifest.xml:16:13-60
62            android:windowSoftInputMode="adjustResize" >
62-->src/main/AndroidManifest.xml:19:13-55
63
64            <!--
65                 Specifies an Android theme to apply to this Activity as soon as
66                 the Android process has started. This theme is visible to the user
67                 while the Flutter UI initializes. After that, this theme continues
68                 to determine the Window background behind the Flutter UI.
69            -->
70            <meta-data
70-->src/main/AndroidManifest.xml:24:13-27:17
71                android:name="io.flutter.embedding.android.NormalTheme"
71-->src/main/AndroidManifest.xml:25:15-70
72                android:resource="@style/NormalTheme" />
72-->src/main/AndroidManifest.xml:26:15-52
73
74            <intent-filter>
74-->src/main/AndroidManifest.xml:28:13-31:29
75                <action android:name="android.intent.action.MAIN" />
75-->src/main/AndroidManifest.xml:29:17-68
75-->src/main/AndroidManifest.xml:29:25-66
76
77                <category android:name="android.intent.category.LAUNCHER" />
77-->src/main/AndroidManifest.xml:30:17-76
77-->src/main/AndroidManifest.xml:30:27-74
78            </intent-filter>
79        </activity>
80        <!--
81             Don't delete the meta-data below.
82             This is used by the Flutter tool to generate GeneratedPluginRegistrant.java
83        -->
84        <meta-data
84-->src/main/AndroidManifest.xml:35:9-37:33
85            android:name="flutterEmbedding"
85-->src/main/AndroidManifest.xml:36:13-44
86            android:value="2" />
86-->src/main/AndroidManifest.xml:37:13-30
87
88        <receiver
88-->[:awesome_notifications] AndroidManifest.xml:15:9-17:39
89            android:name="me.carda.awesome_notifications.DartNotificationActionReceiver"
89-->[:awesome_notifications] AndroidManifest.xml:16:13-89
90            android:exported="true" />
90-->[:awesome_notifications] AndroidManifest.xml:17:13-36
91        <receiver
91-->[:awesome_notifications] AndroidManifest.xml:18:9-20:39
92            android:name="me.carda.awesome_notifications.DartDismissedNotificationReceiver"
92-->[:awesome_notifications] AndroidManifest.xml:19:13-92
93            android:exported="true" />
93-->[:awesome_notifications] AndroidManifest.xml:20:13-36
94        <receiver
94-->[:awesome_notifications] AndroidManifest.xml:21:9-23:39
95            android:name="me.carda.awesome_notifications.DartScheduledNotificationReceiver"
95-->[:awesome_notifications] AndroidManifest.xml:22:13-92
96            android:exported="true" />
96-->[:awesome_notifications] AndroidManifest.xml:23:13-36
97        <receiver
97-->[:awesome_notifications] AndroidManifest.xml:24:9-38:20
98            android:name="me.carda.awesome_notifications.DartRefreshSchedulesReceiver"
98-->[:awesome_notifications] AndroidManifest.xml:25:13-87
99            android:enabled="true"
99-->[:awesome_notifications] AndroidManifest.xml:26:13-35
100            android:exported="true" >
100-->[:awesome_notifications] AndroidManifest.xml:27:13-36
101            <intent-filter>
101-->[:awesome_notifications] AndroidManifest.xml:28:13-37:29
102                <category android:name="android.intent.category.DEFAULT" />
102-->[:awesome_notifications] AndroidManifest.xml:29:17-76
102-->[:awesome_notifications] AndroidManifest.xml:29:27-73
103
104                <action android:name="android.intent.action.BOOT_COMPLETED" />
104-->[:awesome_notifications] AndroidManifest.xml:31:17-79
104-->[:awesome_notifications] AndroidManifest.xml:31:25-76
105                <action android:name="android.intent.action.LOCKED_BOOT_COMPLETED" />
105-->[:awesome_notifications] AndroidManifest.xml:32:17-86
105-->[:awesome_notifications] AndroidManifest.xml:32:25-83
106                <action android:name="android.intent.action.MY_PACKAGE_REPLACED" />
106-->[:awesome_notifications] AndroidManifest.xml:33:17-84
106-->[:awesome_notifications] AndroidManifest.xml:33:25-81
107                <action android:name="android.intent.action.QUICKBOOT_POWERON" />
107-->[:awesome_notifications] AndroidManifest.xml:34:17-82
107-->[:awesome_notifications] AndroidManifest.xml:34:25-79
108                <action android:name="com.htc.intent.action.QUICKBOOT_POWERON" />
108-->[:awesome_notifications] AndroidManifest.xml:35:17-82
108-->[:awesome_notifications] AndroidManifest.xml:35:25-79
109                <action android:name="android.app.action.SCHEDULE_EXACT_ALARM_PERMISSION_STATE_CHANGED" />
109-->[:awesome_notifications] AndroidManifest.xml:36:17-107
109-->[:awesome_notifications] AndroidManifest.xml:36:25-104
110            </intent-filter>
111        </receiver>
112
113        <service
113-->[:awesome_notifications] AndroidManifest.xml:40:9-43:72
114            android:name="me.carda.awesome_notifications.DartBackgroundService"
114-->[:awesome_notifications] AndroidManifest.xml:41:13-80
115            android:exported="false"
115-->[:awesome_notifications] AndroidManifest.xml:42:13-37
116            android:permission="android.permission.BIND_JOB_SERVICE" />
116-->[:awesome_notifications] AndroidManifest.xml:43:13-69
117        <service
117-->[:awesome_notifications] AndroidManifest.xml:44:9-49:43
118            android:name="me.carda.awesome_notifications.core.services.ForegroundService"
118-->[:awesome_notifications] AndroidManifest.xml:45:13-90
119            android:enabled="true"
119-->[:awesome_notifications] AndroidManifest.xml:46:13-35
120            android:exported="false"
120-->[:awesome_notifications] AndroidManifest.xml:47:13-37
121            android:foregroundServiceType="phoneCall"
121-->[:awesome_notifications] AndroidManifest.xml:48:13-54
122            android:stopWithTask="true" />
122-->[:awesome_notifications] AndroidManifest.xml:49:13-40
123
124        <activity
124-->[:url_launcher_android] AndroidManifest.xml:10:9-13:74
125            android:name="io.flutter.plugins.urllauncher.WebViewActivity"
125-->[:url_launcher_android] AndroidManifest.xml:11:13-74
126            android:exported="false"
126-->[:url_launcher_android] AndroidManifest.xml:12:13-37
127            android:theme="@android:style/Theme.NoTitleBar.Fullscreen" />
127-->[:url_launcher_android] AndroidManifest.xml:13:13-71
128
129        <service
129-->[me.carda:AndroidAwnCore:0.9.3] AndroidManifest.xml:21:9-28:19
130            android:name="me.carda.awesome_notifications.core.managers.StatusBarManager"
130-->[me.carda:AndroidAwnCore:0.9.3] AndroidManifest.xml:22:13-89
131            android:exported="true"
131-->[me.carda:AndroidAwnCore:0.9.3] AndroidManifest.xml:23:13-36
132            android:label="My Notification Listener Service" >
132-->[me.carda:AndroidAwnCore:0.9.3] AndroidManifest.xml:24:13-61
133            <intent-filter>
133-->[me.carda:AndroidAwnCore:0.9.3] AndroidManifest.xml:25:13-27:29
134                <action android:name="android.service.notification.NotificationListenerService" />
134-->[me.carda:AndroidAwnCore:0.9.3] AndroidManifest.xml:26:17-99
134-->[me.carda:AndroidAwnCore:0.9.3] AndroidManifest.xml:26:25-96
135            </intent-filter>
136        </service>
137        <service
137-->[androidx.room:room-runtime:2.5.0] AndroidManifest.xml:24:9-28:63
138            android:name="androidx.room.MultiInstanceInvalidationService"
138-->[androidx.room:room-runtime:2.5.0] AndroidManifest.xml:25:13-74
139            android:directBootAware="true"
139-->[androidx.room:room-runtime:2.5.0] AndroidManifest.xml:26:13-43
140            android:exported="false" />
140-->[androidx.room:room-runtime:2.5.0] AndroidManifest.xml:27:13-37
141
142        <uses-library
142-->[androidx.window:window:1.0.0-beta04] AndroidManifest.xml:25:9-27:40
143            android:name="androidx.window.extensions"
143-->[androidx.window:window:1.0.0-beta04] AndroidManifest.xml:26:13-54
144            android:required="false" />
144-->[androidx.window:window:1.0.0-beta04] AndroidManifest.xml:27:13-37
145        <uses-library
145-->[androidx.window:window:1.0.0-beta04] AndroidManifest.xml:28:9-30:40
146            android:name="androidx.window.sidecar"
146-->[androidx.window:window:1.0.0-beta04] AndroidManifest.xml:29:13-51
147            android:required="false" />
147-->[androidx.window:window:1.0.0-beta04] AndroidManifest.xml:30:13-37
148
149        <activity
149-->[com.google.android.gms:play-services-base:17.0.0] AndroidManifest.xml:23:9-26:75
150            android:name="com.google.android.gms.common.api.GoogleApiActivity"
150-->[com.google.android.gms:play-services-base:17.0.0] AndroidManifest.xml:24:13-79
151            android:exported="false"
151-->[com.google.android.gms:play-services-base:17.0.0] AndroidManifest.xml:25:13-37
152            android:theme="@android:style/Theme.Translucent.NoTitleBar" />
152-->[com.google.android.gms:play-services-base:17.0.0] AndroidManifest.xml:26:13-72
153
154        <meta-data
154-->[com.google.android.gms:play-services-basement:17.0.0] AndroidManifest.xml:23:9-25:69
155            android:name="com.google.android.gms.version"
155-->[com.google.android.gms:play-services-basement:17.0.0] AndroidManifest.xml:24:13-58
156            android:value="@integer/google_play_services_version" />
156-->[com.google.android.gms:play-services-basement:17.0.0] AndroidManifest.xml:25:13-66
157
158        <provider
158-->[androidx.emoji2:emoji2:1.2.0] AndroidManifest.xml:24:9-32:20
159            android:name="androidx.startup.InitializationProvider"
159-->[androidx.emoji2:emoji2:1.2.0] AndroidManifest.xml:25:13-67
160            android:authorities="com.example.tayma_app.androidx-startup"
160-->[androidx.emoji2:emoji2:1.2.0] AndroidManifest.xml:26:13-68
161            android:exported="false" >
161-->[androidx.emoji2:emoji2:1.2.0] AndroidManifest.xml:27:13-37
162            <meta-data
162-->[androidx.emoji2:emoji2:1.2.0] AndroidManifest.xml:29:13-31:52
163                android:name="androidx.emoji2.text.EmojiCompatInitializer"
163-->[androidx.emoji2:emoji2:1.2.0] AndroidManifest.xml:30:17-75
164                android:value="androidx.startup" />
164-->[androidx.emoji2:emoji2:1.2.0] AndroidManifest.xml:31:17-49
165            <meta-data
165-->[androidx.lifecycle:lifecycle-process:2.6.1] AndroidManifest.xml:29:13-31:52
166                android:name="androidx.lifecycle.ProcessLifecycleInitializer"
166-->[androidx.lifecycle:lifecycle-process:2.6.1] AndroidManifest.xml:30:17-78
167                android:value="androidx.startup" />
167-->[androidx.lifecycle:lifecycle-process:2.6.1] AndroidManifest.xml:31:17-49
168            <meta-data
168-->[androidx.profileinstaller:profileinstaller:1.3.0] AndroidManifest.xml:29:13-31:52
169                android:name="androidx.profileinstaller.ProfileInstallerInitializer"
169-->[androidx.profileinstaller:profileinstaller:1.3.0] AndroidManifest.xml:30:17-85
170                android:value="androidx.startup" />
170-->[androidx.profileinstaller:profileinstaller:1.3.0] AndroidManifest.xml:31:17-49
171        </provider>
172
173        <receiver
173-->[androidx.profileinstaller:profileinstaller:1.3.0] AndroidManifest.xml:34:9-52:20
174            android:name="androidx.profileinstaller.ProfileInstallReceiver"
174-->[androidx.profileinstaller:profileinstaller:1.3.0] AndroidManifest.xml:35:13-76
175            android:directBootAware="false"
175-->[androidx.profileinstaller:profileinstaller:1.3.0] AndroidManifest.xml:36:13-44
176            android:enabled="true"
176-->[androidx.profileinstaller:profileinstaller:1.3.0] AndroidManifest.xml:37:13-35
177            android:exported="true"
177-->[androidx.profileinstaller:profileinstaller:1.3.0] AndroidManifest.xml:38:13-36
178            android:permission="android.permission.DUMP" >
178-->[androidx.profileinstaller:profileinstaller:1.3.0] AndroidManifest.xml:39:13-57
179            <intent-filter>
179-->[androidx.profileinstaller:profileinstaller:1.3.0] AndroidManifest.xml:40:13-42:29
180                <action android:name="androidx.profileinstaller.action.INSTALL_PROFILE" />
180-->[androidx.profileinstaller:profileinstaller:1.3.0] AndroidManifest.xml:41:17-91
180-->[androidx.profileinstaller:profileinstaller:1.3.0] AndroidManifest.xml:41:25-88
181            </intent-filter>
182            <intent-filter>
182-->[androidx.profileinstaller:profileinstaller:1.3.0] AndroidManifest.xml:43:13-45:29
183                <action android:name="androidx.profileinstaller.action.SKIP_FILE" />
183-->[androidx.profileinstaller:profileinstaller:1.3.0] AndroidManifest.xml:44:17-85
183-->[androidx.profileinstaller:profileinstaller:1.3.0] AndroidManifest.xml:44:25-82
184            </intent-filter>
185            <intent-filter>
185-->[androidx.profileinstaller:profileinstaller:1.3.0] AndroidManifest.xml:46:13-48:29
186                <action android:name="androidx.profileinstaller.action.SAVE_PROFILE" />
186-->[androidx.profileinstaller:profileinstaller:1.3.0] AndroidManifest.xml:47:17-88
186-->[androidx.profileinstaller:profileinstaller:1.3.0] AndroidManifest.xml:47:25-85
187            </intent-filter>
188            <intent-filter>
188-->[androidx.profileinstaller:profileinstaller:1.3.0] AndroidManifest.xml:49:13-51:29
189                <action android:name="androidx.profileinstaller.action.BENCHMARK_OPERATION" />
189-->[androidx.profileinstaller:profileinstaller:1.3.0] AndroidManifest.xml:50:17-95
189-->[androidx.profileinstaller:profileinstaller:1.3.0] AndroidManifest.xml:50:25-92
190            </intent-filter>
191        </receiver>
192    </application>
193
194</manifest>